2026-01-24 08:29:06 [ERROR] __main__ - PIPELINE FAILED
Traceback (most recent call last):
  File "/Users/martinkrawtzow/Documents/Masterthesis/thesis/Code/Github/masterthesis/src/main.py", line 231, in main
    _run_forecast(overwrite=(not args.no_overwrite), max_hours_cap=args.max_hours_cap)
    ~~~~~~~~~~~~~^^^^^^^^^^^^^^^^^^^^^^^^^^^^^^^^^^^^^^^^^^^^^^^^^^^^^^^^^^^^^^^^^^^^^
  File "/Users/martinkrawtzow/Documents/Masterthesis/thesis/Code/Github/masterthesis/src/main.py", line 158, in _run_forecast
    df = forecast_all_nodes(overwrite=overwrite, max_hours_cap=max_hours_cap)
  File "/Users/martinkrawtzow/Documents/Masterthesis/thesis/Code/Github/masterthesis/src/forecast.py", line 344, in forecast_all_nodes
    str(PRED_NORM_TS_DIR),
        ^^^^^^^^^^^^^^^^
NameError: name 'PRED_NORM_TS_DIR' is not defined. Did you mean: 'PRED_TS_DIR'?
2026-01-24 08:30:41 [WARNING] powerband - Config: UTIL_TARGET_PCT=50.0% (scale=0.500)
2026-01-25 13:00:03 [ERROR] src.data.weather_loader - Fehler beim Abruf der forecast-Wetterdaten: 504 Server Error: Gateway Time-out for url: https://api.open-meteo.com/v1/forecast?latitude=54.54672622884843&longitude=9.428364529498879&minutely_15=temperature_2m%2Cwind_speed_10m%2Cshortwave_radiation&start_minutely_15=2026-01-25T12%3A00&end_minutely_15=2026-01-26T18%3A00&timezone=Europe%2FBerlin&models=icon_seamless
2026-01-25 13:00:03 [ERROR] src.data.data_loader - Fehler beim Wetterabruf für Node JUBO_E02: 504 Server Error: Gateway Time-out for url: https://api.open-meteo.com/v1/forecast?latitude=54.54672622884843&longitude=9.428364529498879&minutely_15=temperature_2m%2Cwind_speed_10m%2Cshortwave_radiation&start_minutely_15=2026-01-25T12%3A00&end_minutely_15=2026-01-26T18%3A00&timezone=Europe%2FBerlin&models=icon_seamless
Traceback (most recent call last):
  File "/Users/martinkrawtzow/Documents/Masterthesis/thesis/Code/Github/masterthesis/src/data/data_loader.py", line 463, in load_all_data
    df_hist, df_fc = fetch_weather_open_meteo(
                     ~~~~~~~~~~~~~~~~~~~~~~~~^
        latitude=float(lat),
        ^^^^^^^^^^^^^^^^^^^^
    ...<4 lines>...
        forecast_hours=weather_forecast_hours,
        ^^^^^^^^^^^^^^^^^^^^^^^^^^^^^^^^^^^^^^
    )
    ^
  File "/Users/martinkrawtzow/Documents/Masterthesis/thesis/Code/Github/masterthesis/src/data/weather_loader.py", line 212, in fetch_weather_open_meteo
    df_forecast = _fetch_minutely15(url_fc, params_fc, context="forecast")
  File "/Users/martinkrawtzow/Documents/Masterthesis/thesis/Code/Github/masterthesis/src/data/weather_loader.py", line 27, in _fetch_minutely15
    resp.raise_for_status()
    ~~~~~~~~~~~~~~~~~~~~~^^
  File "/Users/martinkrawtzow/Documents/Masterthesis/thesis/Code/Github/masterthesis/.venv/lib/python3.13/site-packages/requests/models.py", line 1026, in raise_for_status
    raise HTTPError(http_error_msg, response=self)
requests.exceptions.HTTPError: 504 Server Error: Gateway Time-out for url: https://api.open-meteo.com/v1/forecast?latitude=54.54672622884843&longitude=9.428364529498879&minutely_15=temperature_2m%2Cwind_speed_10m%2Cshortwave_radiation&start_minutely_15=2026-01-25T12%3A00&end_minutely_15=2026-01-26T18%3A00&timezone=Europe%2FBerlin&models=icon_seamless
2026-01-25 13:01:08 [WARNING] powerband - Config: UTIL_TARGET_PCT=50.0% (scale=0.500)
2026-01-25 13:12:10 [WARNING] powerband - Config: UTIL_TARGET_PCT=50.0% (scale=0.500)
2026-01-25 20:30:51 [WARNING] powerband - Config: UTIL_TARGET_PCT=50.0% (scale=0.500)
